<?xml version="1.0" encoding="UTF-8"?>
<testng-results skipped="0" failed="0" ignored="0" total="1" passed="1">
  <reporter-output>
  </reporter-output>
  <suite name="Default suite" duration-ms="7237" started-at="2020-02-11T11:25:01Z" finished-at="2020-02-11T11:25:08Z">
    <groups>
    </groups>
    <test name="Default test" duration-ms="7237" started-at="2020-02-11T11:25:01Z" finished-at="2020-02-11T11:25:08Z">
      <class name="com.gmail.qa.testcases.barCodeTest">
        <test-method status="PASS" signature="codetest()[pri:0, instance:com.gmail.qa.testcases.barCodeTest@6767c1fc]" name="codetest" duration-ms="7167" started-at="2020-02-11T11:25:01Z" finished-at="2020-02-11T11:25:08Z">
          <reporter-output>
          </reporter-output>
        </test-method> <!-- codetest -->
      </class> <!-- com.gmail.qa.testcases.barCodeTest -->
    </test> <!-- Default test -->
  </suite> <!-- Default suite -->
</testng-results>
